  Actor.cpp
F:\C-cpp_manual\GP_C++\Math.h(52,14): warning C4244: 'return': conversion from 'double' to 'float', possible loss of data
C:\Library\SDL3-3.2.10\include\SDL3\SDL.h(34,10): fatal  error C1083: Cannot open include file: 'SDL3/SDL_stdinc.h': No such file or directory
  AnimSpriteComponent.cpp
C:\Library\SDL3-3.2.10\include\SDL3\SDL.h(34,10): fatal  error C1083: Cannot open include file: 'SDL3/SDL_stdinc.h': No such file or directory
  BGspriteComponent.cpp
C:\Library\SDL3-3.2.10\include\SDL3\SDL.h(34,10): fatal  error C1083: Cannot open include file: 'SDL3/SDL_stdinc.h': No such file or directory
  BombEffect.cpp
F:\C-cpp_manual\GP_C++\Math.h(52,14): warning C4244: 'return': conversion from 'double' to 'float', possible loss of data
C:\Library\SDL3-3.2.10\include\SDL3\SDL.h(34,10): fatal  error C1083: Cannot open include file: 'SDL3/SDL_stdinc.h': No such file or directory
  Enemy.cpp
F:\C-cpp_manual\GP_C++\Math.h(52,14): warning C4244: 'return': conversion from 'double' to 'float', possible loss of data
C:\Library\SDL3-3.2.10\include\SDL3\SDL.h(34,10): fatal  error C1083: Cannot open include file: 'SDL3/SDL_stdinc.h': No such file or directory
  Game.cpp
C:\Library\SDL3-3.2.10\include\SDL3\SDL.h(34,10): fatal  error C1083: Cannot open include file: 'SDL3/SDL_stdinc.h': No such file or directory
  GameScene.cpp
C:\Library\SDL3-3.2.10\include\SDL3\SDL.h(34,10): fatal  error C1083: Cannot open include file: 'SDL3/SDL_stdinc.h': No such file or directory
  main.cpp
C:\Library\SDL3-3.2.10\include\SDL3\SDL.h(34,10): fatal  error C1083: Cannot open include file: 'SDL3/SDL_stdinc.h': No such file or directory
  Math.cpp
F:\C-cpp_manual\GP_C++\Math.h(52,14): warning C4244: 'return': conversion from 'double' to 'float', possible loss of data
  Scene.cpp
C:\Library\SDL3-3.2.10\include\SDL3\SDL.h(34,10): fatal  error C1083: Cannot open include file: 'SDL3/SDL_stdinc.h': No such file or directory
  Ship.cpp
F:\C-cpp_manual\GP_C++\Math.h(52,14): warning C4244: 'return': conversion from 'double' to 'float', possible loss of data
C:\Library\SDL3-3.2.10\include\SDL3\SDL.h(34,10): fatal  error C1083: Cannot open include file: 'SDL3/SDL_stdinc.h': No such file or directory
  SpriteComponent.cpp
C:\Library\SDL3-3.2.10\include\SDL3\SDL.h(34,10): fatal  error C1083: Cannot open include file: 'SDL3/SDL_stdinc.h': No such file or directory
  TitleScene.cpp
C:\Library\SDL3-3.2.10\include\SDL3\SDL.h(34,10): fatal  error C1083: Cannot open include file: 'SDL3/SDL_stdinc.h': No such file or directory
  Generating Code...
