  Actor.cpp
  AnimSpriteComponent.cpp
  BGspriteComponent.cpp
  Component.cpp
  Game.cpp
  main.cpp
  Math.cpp
  Ship.cpp
  SpriteComponent.cpp
  正在產生程式碼...
BGspriteComponent.obj : error LNK2019: 在函式 _SDL_RenderCopy"public: virtual void __thiscall BGSpriteComponent::Draw(struct SDL_Renderer *)" (?Draw@BGSpriteComponent@@UAEXPAUSDL_Renderer@@@Z) 中參考了無法解析的外部符號
Game.obj : error LNK2019: 在函式 _SDL_GetError"public: bool __thiscall Game::Initialize(void)" (?Initialize@Game@@QAE_NXZ) 中參考了無法解析的外部符號
Game.obj : error LNK2019: 在函式 _SDL_FreeSurface"public: struct SDL_Texture * __thiscall Game::GetTexture(class std::basic_string<char,struct std::char_traits<char>,class std::allocator<char> > const &)" (?GetTexture@Game@@QAEPAUSDL_Texture@@ABV?$basic_string@DU?$char_traits@D@std@@V?$allocator@D@2@@std@@@Z) 中參考了無法解析的外部符號
Game.obj : error LNK2019: 在函式 _SDL_CreateWindow"public: bool __thiscall Game::Initialize(void)" (?Initialize@Game@@QAE_NXZ) 中參考了無法解析的外部符號
Game.obj : error LNK2019: 在函式 _SDL_DestroyWindow"public: void __thiscall Game::Shutdown(void)" (?Shutdown@Game@@QAEXXZ) 中參考了無法解析的外部符號
Game.obj : error LNK2019: 在函式 _SDL_GetKeyboardState"private: void __thiscall Game::ProcessInput(void)" (?ProcessInput@Game@@AAEXXZ) 中參考了無法解析的外部符號
Game.obj : error LNK2019: 在函式 _SDL_PollEvent"private: void __thiscall Game::ProcessInput(void)" (?ProcessInput@Game@@AAEXXZ) 中參考了無法解析的外部符號
Game.obj : error LNK2019: 在函式 _SDL_Log"public: struct SDL_Texture * __thiscall Game::GetTexture(class std::basic_string<char,struct std::char_traits<char>,class std::allocator<char> > const &)" (?GetTexture@Game@@QAEPAUSDL_Texture@@ABV?$basic_string@DU?$char_traits@D@std@@V?$allocator@D@2@@std@@@Z) 中參考了無法解析的外部符號
Game.obj : error LNK2019: 在函式 _SDL_CreateRenderer"public: bool __thiscall Game::Initialize(void)" (?Initialize@Game@@QAE_NXZ) 中參考了無法解析的外部符號
Game.obj : error LNK2019: 在函式 _SDL_CreateTextureFromSurface"public: struct SDL_Texture * __thiscall Game::GetTexture(class std::basic_string<char,struct std::char_traits<char>,class std::allocator<char> > const &)" (?GetTexture@Game@@QAEPAUSDL_Texture@@ABV?$basic_string@DU?$char_traits@D@std@@V?$allocator@D@2@@std@@@Z) 中參考了無法解析的外部符號
Game.obj : error LNK2019: 在函式 _SDL_SetRenderDrawColor"private: void __thiscall Game::GenerateOutput(void)" (?GenerateOutput@Game@@AAEXXZ) 中參考了無法解析的外部符號
Game.obj : error LNK2019: 在函式 _SDL_RenderClear"private: void __thiscall Game::GenerateOutput(void)" (?GenerateOutput@Game@@AAEXXZ) 中參考了無法解析的外部符號
Game.obj : error LNK2019: 在函式 _SDL_DestroyRenderer"public: void __thiscall Game::Shutdown(void)" (?Shutdown@Game@@QAEXXZ) 中參考了無法解析的外部符號
Game.obj : error LNK2019: 在函式 _SDL_GetTicks"private: void __thiscall Game::UpdateGame(void)" (?UpdateGame@Game@@AAEXXZ) 中參考了無法解析的外部符號
Game.obj : error LNK2019: 在函式 _SDL_Init"public: bool __thiscall Game::Initialize(void)" (?Initialize@Game@@QAE_NXZ) 中參考了無法解析的外部符號
Game.obj : error LNK2019: 在函式 _SDL_Quit"public: void __thiscall Game::Shutdown(void)" (?Shutdown@Game@@QAEXXZ) 中參考了無法解析的外部符號
Game.obj : error LNK2019: 在函式 _IMG_Load"public: struct SDL_Texture * __thiscall Game::GetTexture(class std::basic_string<char,struct std::char_traits<char>,class std::allocator<char> > const &)" (?GetTexture@Game@@QAEPAUSDL_Texture@@ABV?$basic_string@DU?$char_traits@D@std@@V?$allocator@D@2@@std@@@Z) 中參考了無法解析的外部符號
SpriteComponent.obj : error LNK2019: 在函式 _SDL_QueryTexture"public: virtual void __thiscall SpriteComponent::SetTexture(struct SDL_Texture *)" (?SetTexture@SpriteComponent@@UAEXPAUSDL_Texture@@@Z) 中參考了無法解析的外部符號
SpriteComponent.obj : error LNK2019: 在函式 _SDL_RenderCopyEx"public: virtual void __thiscall SpriteComponent::Draw(struct SDL_Renderer *)" (?Draw@SpriteComponent@@UAEXPAUSDL_Renderer@@@Z) 中參考了無法解析的外部符號
MSVCRTD.lib(exe_main.obj) : error LNK2019: 在函式 _main"int __cdecl invoke_main(void)" (?invoke_main@@YAHXZ) 中參考了無法解析的外部符號
C:\Solution\SDL2-2.30.0\lib\x64\SDL2.lib : warning LNK4272: 程式庫電腦類型 'x64' 與目標電腦類型 'x86' 發生衝突
C:\Solution\SDL2-2.30.0\lib\x64\SDL2main.lib : warning LNK4272: 程式庫電腦類型 'x64' 與目標電腦類型 'x86' 發生衝突
C:\Solution\SDL2-2.30.0\lib\x64\SDL2test.lib : warning LNK4272: 程式庫電腦類型 'x64' 與目標電腦類型 'x86' 發生衝突
C:\Users\allen\OneDrive\桌面\C++gameProgram\C-cpp_manual\GP_C++\Debug\GP_C++.exe : fatal error LNK1120: 20 個無法解析的外部符號
